2017-04-02 12:39:10,135 [Worker-16] INFO  o.e.m.c.i.l.LifecycleMappingFactory - Using org.eclipse.m2e.jdt.JarLifecycleMapping lifecycle mapping for MavenProject: omnimud:omnimudplus:0.0.1-SNAPSHOT @ C:\Users\Patrick\Documents\Xenobound\omnimudplus\pom.xml.
2017-04-02 12:39:10,278 [Worker-3] INFO  o.e.m.c.i.l.LifecycleMappingFactory - Using org.eclipse.m2e.jdt.JarLifecycleMapping lifecycle mapping for MavenProject: omnimud:omnimudplus:0.0.1-SNAPSHOT @ C:\Users\Patrick\Documents\Xenobound\omnimudplus\pom.xml.
2017-04-02 12:39:11,772 [Worker-3] WARN  o.e.m.c.i.embedder.EclipseLogger - Using platform encoding (Cp1252 actually) to copy filtered resources, i.e. build is platform dependent!
2017-04-02 12:39:11,784 [Worker-3] INFO  o.e.m.c.i.embedder.EclipseLogger - Copying 0 resource
2017-04-02 12:39:11,787 [Worker-3] WARN  o.e.m.c.i.embedder.EclipseLogger - Using platform encoding (Cp1252 actually) to copy filtered resources, i.e. build is platform dependent!
2017-04-02 12:39:11,795 [Worker-3] INFO  o.e.m.c.i.embedder.EclipseLogger - Copying 0 resource
2017-04-02 12:39:14,355 [Worker-16] INFO  o.e.m.c.i.l.LifecycleMappingFactory - Using org.eclipse.m2e.jdt.JarLifecycleMapping lifecycle mapping for MavenProject: omnimud:omnimudplus:0.0.1-SNAPSHOT @ C:\Users\Patrick\Documents\Xenobound\omnimudplus\pom.xml.
2017-04-02 12:39:14,663 [Worker-12] WARN  o.e.m.c.i.embedder.EclipseLogger - Using platform encoding (Cp1252 actually) to copy filtered resources, i.e. build is platform dependent!
2017-04-02 12:39:14,675 [Worker-12] INFO  o.e.m.c.i.embedder.EclipseLogger - Copying 0 resource
2017-04-02 12:39:14,677 [Worker-12] WARN  o.e.m.c.i.embedder.EclipseLogger - Using platform encoding (Cp1252 actually) to copy filtered resources, i.e. build is platform dependent!
2017-04-02 12:39:14,683 [Worker-12] INFO  o.e.m.c.i.embedder.EclipseLogger - Copying 0 resource
2017-04-02 12:39:16,086 [Worker-10] WARN  o.e.m.c.i.embedder.EclipseLogger - Using platform encoding (Cp1252 actually) to copy filtered resources, i.e. build is platform dependent!
2017-04-02 12:39:16,092 [Worker-10] INFO  o.e.m.c.i.embedder.EclipseLogger - Copying 0 resource
2017-04-02 12:39:16,094 [Worker-10] WARN  o.e.m.c.i.embedder.EclipseLogger - Using platform encoding (Cp1252 actually) to copy filtered resources, i.e. build is platform dependent!
2017-04-02 12:39:16,100 [Worker-10] INFO  o.e.m.c.i.embedder.EclipseLogger - Copying 0 resource
2017-04-02 12:46:28,902 [main] INFO  c.g.t.t.d.PublishedGradleVersions - Gradle version information cache file is not out-of-date. No remote download required.
2017-04-02 12:46:38,138 [Worker-5] WARN  o.e.m.c.i.embedder.EclipseLogger - Using platform encoding (Cp1252 actually) to copy filtered resources, i.e. build is platform dependent!
2017-04-02 12:46:38,144 [Worker-5] INFO  o.e.m.c.i.embedder.EclipseLogger - Copying 0 resource
2017-04-02 12:46:38,146 [Worker-5] WARN  o.e.m.c.i.embedder.EclipseLogger - Using platform encoding (Cp1252 actually) to copy filtered resources, i.e. build is platform dependent!
2017-04-02 12:46:38,152 [Worker-5] INFO  o.e.m.c.i.embedder.EclipseLogger - Copying 0 resource
2017-04-02 12:57:40,020 [Worker-5] WARN  o.e.m.c.i.embedder.EclipseLogger - Using platform encoding (Cp1252 actually) to copy filtered resources, i.e. build is platform dependent!
2017-04-02 12:57:40,027 [Worker-5] INFO  o.e.m.c.i.embedder.EclipseLogger - Copying 0 resource
2017-04-02 12:57:40,034 [Worker-5] WARN  o.e.m.c.i.embedder.EclipseLogger - Using platform encoding (Cp1252 actually) to copy filtered resources, i.e. build is platform dependent!
2017-04-02 12:57:40,040 [Worker-5] INFO  o.e.m.c.i.embedder.EclipseLogger - Copying 0 resource
2017-04-02 13:12:27,624 [Worker-2] WARN  o.e.m.c.i.embedder.EclipseLogger - Using platform encoding (Cp1252 actually) to copy filtered resources, i.e. build is platform dependent!
2017-04-02 13:12:27,631 [Worker-2] INFO  o.e.m.c.i.embedder.EclipseLogger - Copying 0 resource
2017-04-02 13:12:27,633 [Worker-2] WARN  o.e.m.c.i.embedder.EclipseLogger - Using platform encoding (Cp1252 actually) to copy filtered resources, i.e. build is platform dependent!
2017-04-02 13:12:27,640 [Worker-2] INFO  o.e.m.c.i.embedder.EclipseLogger - Copying 0 resource
2017-04-02 13:18:02,425 [Worker-23] WARN  o.e.m.c.i.embedder.EclipseLogger - Using platform encoding (Cp1252 actually) to copy filtered resources, i.e. build is platform dependent!
2017-04-02 13:18:02,431 [Worker-23] INFO  o.e.m.c.i.embedder.EclipseLogger - Copying 0 resource
2017-04-02 13:18:02,437 [Worker-23] WARN  o.e.m.c.i.embedder.EclipseLogger - Using platform encoding (Cp1252 actually) to copy filtered resources, i.e. build is platform dependent!
2017-04-02 13:18:02,442 [Worker-23] INFO  o.e.m.c.i.embedder.EclipseLogger - Copying 0 resource
2017-04-02 13:20:32,682 [Worker-11] WARN  o.e.m.c.i.embedder.EclipseLogger - Using platform encoding (Cp1252 actually) to copy filtered resources, i.e. build is platform dependent!
2017-04-02 13:20:32,688 [Worker-11] INFO  o.e.m.c.i.embedder.EclipseLogger - Copying 0 resource
2017-04-02 13:20:32,689 [Worker-11] WARN  o.e.m.c.i.embedder.EclipseLogger - Using platform encoding (Cp1252 actually) to copy filtered resources, i.e. build is platform dependent!
2017-04-02 13:20:32,694 [Worker-11] INFO  o.e.m.c.i.embedder.EclipseLogger - Copying 0 resource
2017-04-02 13:21:01,500 [Worker-23] WARN  o.e.m.c.i.embedder.EclipseLogger - Using platform encoding (Cp1252 actually) to copy filtered resources, i.e. build is platform dependent!
2017-04-02 13:21:01,510 [Worker-23] INFO  o.e.m.c.i.embedder.EclipseLogger - Copying 0 resource
2017-04-02 13:21:01,516 [Worker-23] WARN  o.e.m.c.i.embedder.EclipseLogger - Using platform encoding (Cp1252 actually) to copy filtered resources, i.e. build is platform dependent!
2017-04-02 13:21:01,521 [Worker-23] INFO  o.e.m.c.i.embedder.EclipseLogger - Copying 0 resource
2017-04-02 13:21:35,366 [Worker-26] WARN  o.e.m.c.i.embedder.EclipseLogger - Using platform encoding (Cp1252 actually) to copy filtered resources, i.e. build is platform dependent!
2017-04-02 13:21:35,374 [Worker-26] INFO  o.e.m.c.i.embedder.EclipseLogger - Copying 0 resource
2017-04-02 13:21:35,375 [Worker-26] WARN  o.e.m.c.i.embedder.EclipseLogger - Using platform encoding (Cp1252 actually) to copy filtered resources, i.e. build is platform dependent!
2017-04-02 13:21:35,381 [Worker-26] INFO  o.e.m.c.i.embedder.EclipseLogger - Copying 0 resource
2017-04-02 13:23:34,236 [Worker-11] WARN  o.e.m.c.i.embedder.EclipseLogger - Using platform encoding (Cp1252 actually) to copy filtered resources, i.e. build is platform dependent!
2017-04-02 13:23:34,244 [Worker-11] INFO  o.e.m.c.i.embedder.EclipseLogger - Copying 0 resource
2017-04-02 13:23:34,249 [Worker-11] WARN  o.e.m.c.i.embedder.EclipseLogger - Using platform encoding (Cp1252 actually) to copy filtered resources, i.e. build is platform dependent!
2017-04-02 13:23:34,256 [Worker-11] INFO  o.e.m.c.i.embedder.EclipseLogger - Copying 0 resource
2017-04-02 13:25:31,111 [Worker-27] WARN  o.e.m.c.i.embedder.EclipseLogger - Using platform encoding (Cp1252 actually) to copy filtered resources, i.e. build is platform dependent!
2017-04-02 13:25:31,117 [Worker-27] INFO  o.e.m.c.i.embedder.EclipseLogger - Copying 0 resource
2017-04-02 13:25:31,119 [Worker-27] WARN  o.e.m.c.i.embedder.EclipseLogger - Using platform encoding (Cp1252 actually) to copy filtered resources, i.e. build is platform dependent!
2017-04-02 13:25:31,124 [Worker-27] INFO  o.e.m.c.i.embedder.EclipseLogger - Copying 0 resource
2017-04-02 13:27:56,560 [Worker-26] WARN  o.e.m.c.i.embedder.EclipseLogger - Using platform encoding (Cp1252 actually) to copy filtered resources, i.e. build is platform dependent!
2017-04-02 13:27:56,566 [Worker-26] INFO  o.e.m.c.i.embedder.EclipseLogger - Copying 0 resource
2017-04-02 13:27:56,571 [Worker-26] WARN  o.e.m.c.i.embedder.EclipseLogger - Using platform encoding (Cp1252 actually) to copy filtered resources, i.e. build is platform dependent!
2017-04-02 13:27:56,577 [Worker-26] INFO  o.e.m.c.i.embedder.EclipseLogger - Copying 0 resource
2017-04-02 13:31:47,647 [Worker-28] WARN  o.e.m.c.i.embedder.EclipseLogger - Using platform encoding (Cp1252 actually) to copy filtered resources, i.e. build is platform dependent!
2017-04-02 13:31:47,653 [Worker-28] INFO  o.e.m.c.i.embedder.EclipseLogger - Copying 0 resource
2017-04-02 13:31:47,654 [Worker-28] WARN  o.e.m.c.i.embedder.EclipseLogger - Using platform encoding (Cp1252 actually) to copy filtered resources, i.e. build is platform dependent!
2017-04-02 13:31:47,659 [Worker-28] INFO  o.e.m.c.i.embedder.EclipseLogger - Copying 0 resource
2017-04-02 13:32:32,197 [Worker-24] WARN  o.e.m.c.i.embedder.EclipseLogger - Using platform encoding (Cp1252 actually) to copy filtered resources, i.e. build is platform dependent!
2017-04-02 13:32:32,208 [Worker-24] INFO  o.e.m.c.i.embedder.EclipseLogger - Copying 0 resource
2017-04-02 13:32:32,213 [Worker-24] WARN  o.e.m.c.i.embedder.EclipseLogger - Using platform encoding (Cp1252 actually) to copy filtered resources, i.e. build is platform dependent!
2017-04-02 13:32:32,218 [Worker-24] INFO  o.e.m.c.i.embedder.EclipseLogger - Copying 0 resource
2017-04-02 13:33:20,526 [Worker-30] WARN  o.e.m.c.i.embedder.EclipseLogger - Using platform encoding (Cp1252 actually) to copy filtered resources, i.e. build is platform dependent!
2017-04-02 13:33:20,532 [Worker-30] INFO  o.e.m.c.i.embedder.EclipseLogger - Copying 0 resource
2017-04-02 13:33:20,533 [Worker-30] WARN  o.e.m.c.i.embedder.EclipseLogger - Using platform encoding (Cp1252 actually) to copy filtered resources, i.e. build is platform dependent!
2017-04-02 13:33:20,540 [Worker-30] INFO  o.e.m.c.i.embedder.EclipseLogger - Copying 0 resource
2017-04-02 13:34:00,226 [Worker-11] WARN  o.e.m.c.i.embedder.EclipseLogger - Using platform encoding (Cp1252 actually) to copy filtered resources, i.e. build is platform dependent!
2017-04-02 13:34:00,235 [Worker-11] INFO  o.e.m.c.i.embedder.EclipseLogger - Copying 0 resource
2017-04-02 13:34:00,240 [Worker-11] WARN  o.e.m.c.i.embedder.EclipseLogger - Using platform encoding (Cp1252 actually) to copy filtered resources, i.e. build is platform dependent!
2017-04-02 13:34:00,245 [Worker-11] INFO  o.e.m.c.i.embedder.EclipseLogger - Copying 0 resource
2017-04-02 13:35:14,268 [Worker-19] WARN  o.e.m.c.i.embedder.EclipseLogger - Using platform encoding (Cp1252 actually) to copy filtered resources, i.e. build is platform dependent!
2017-04-02 13:35:14,274 [Worker-19] INFO  o.e.m.c.i.embedder.EclipseLogger - Copying 0 resource
2017-04-02 13:35:14,276 [Worker-19] WARN  o.e.m.c.i.embedder.EclipseLogger - Using platform encoding (Cp1252 actually) to copy filtered resources, i.e. build is platform dependent!
2017-04-02 13:35:14,282 [Worker-19] INFO  o.e.m.c.i.embedder.EclipseLogger - Copying 0 resource
2017-04-02 13:36:35,060 [Worker-30] WARN  o.e.m.c.i.embedder.EclipseLogger - Using platform encoding (Cp1252 actually) to copy filtered resources, i.e. build is platform dependent!
2017-04-02 13:36:35,067 [Worker-30] INFO  o.e.m.c.i.embedder.EclipseLogger - Copying 0 resource
2017-04-02 13:36:35,072 [Worker-30] WARN  o.e.m.c.i.embedder.EclipseLogger - Using platform encoding (Cp1252 actually) to copy filtered resources, i.e. build is platform dependent!
2017-04-02 13:36:35,078 [Worker-30] INFO  o.e.m.c.i.embedder.EclipseLogger - Copying 0 resource
2017-04-02 13:38:31,588 [Worker-30] WARN  o.e.m.c.i.embedder.EclipseLogger - Using platform encoding (Cp1252 actually) to copy filtered resources, i.e. build is platform dependent!
2017-04-02 13:38:31,595 [Worker-30] INFO  o.e.m.c.i.embedder.EclipseLogger - Copying 0 resource
2017-04-02 13:38:31,596 [Worker-30] WARN  o.e.m.c.i.embedder.EclipseLogger - Using platform encoding (Cp1252 actually) to copy filtered resources, i.e. build is platform dependent!
2017-04-02 13:38:31,603 [Worker-30] INFO  o.e.m.c.i.embedder.EclipseLogger - Copying 0 resource
2017-04-02 13:39:26,314 [Worker-30] WARN  o.e.m.c.i.embedder.EclipseLogger - Using platform encoding (Cp1252 actually) to copy filtered resources, i.e. build is platform dependent!
2017-04-02 13:39:26,324 [Worker-30] INFO  o.e.m.c.i.embedder.EclipseLogger - Copying 0 resource
2017-04-02 13:39:26,329 [Worker-30] WARN  o.e.m.c.i.embedder.EclipseLogger - Using platform encoding (Cp1252 actually) to copy filtered resources, i.e. build is platform dependent!
2017-04-02 13:39:26,336 [Worker-30] INFO  o.e.m.c.i.embedder.EclipseLogger - Copying 0 resource
2017-04-02 13:41:01,722 [Worker-24] WARN  o.e.m.c.i.embedder.EclipseLogger - Using platform encoding (Cp1252 actually) to copy filtered resources, i.e. build is platform dependent!
2017-04-02 13:41:01,728 [Worker-24] INFO  o.e.m.c.i.embedder.EclipseLogger - Copying 0 resource
2017-04-02 13:41:01,729 [Worker-24] WARN  o.e.m.c.i.embedder.EclipseLogger - Using platform encoding (Cp1252 actually) to copy filtered resources, i.e. build is platform dependent!
2017-04-02 13:41:01,735 [Worker-24] INFO  o.e.m.c.i.embedder.EclipseLogger - Copying 0 resource
2017-04-02 13:41:48,949 [Worker-31] WARN  o.e.m.c.i.embedder.EclipseLogger - Using platform encoding (Cp1252 actually) to copy filtered resources, i.e. build is platform dependent!
2017-04-02 13:41:48,955 [Worker-31] INFO  o.e.m.c.i.embedder.EclipseLogger - Copying 0 resource
2017-04-02 13:41:48,961 [Worker-31] WARN  o.e.m.c.i.embedder.EclipseLogger - Using platform encoding (Cp1252 actually) to copy filtered resources, i.e. build is platform dependent!
2017-04-02 13:41:48,966 [Worker-31] INFO  o.e.m.c.i.embedder.EclipseLogger - Copying 0 resource
2017-04-02 13:44:55,551 [Worker-19] WARN  o.e.m.c.i.embedder.EclipseLogger - Using platform encoding (Cp1252 actually) to copy filtered resources, i.e. build is platform dependent!
2017-04-02 13:44:55,557 [Worker-19] INFO  o.e.m.c.i.embedder.EclipseLogger - Copying 0 resource
2017-04-02 13:44:55,558 [Worker-19] WARN  o.e.m.c.i.embedder.EclipseLogger - Using platform encoding (Cp1252 actually) to copy filtered resources, i.e. build is platform dependent!
2017-04-02 13:44:55,563 [Worker-19] INFO  o.e.m.c.i.embedder.EclipseLogger - Copying 0 resource
2017-04-02 13:47:04,729 [Worker-35] WARN  o.e.m.c.i.embedder.EclipseLogger - Using platform encoding (Cp1252 actually) to copy filtered resources, i.e. build is platform dependent!
2017-04-02 13:47:04,735 [Worker-35] INFO  o.e.m.c.i.embedder.EclipseLogger - Copying 0 resource
2017-04-02 13:47:04,740 [Worker-35] WARN  o.e.m.c.i.embedder.EclipseLogger - Using platform encoding (Cp1252 actually) to copy filtered resources, i.e. build is platform dependent!
2017-04-02 13:47:04,750 [Worker-35] INFO  o.e.m.c.i.embedder.EclipseLogger - Copying 0 resource
2017-04-02 13:47:10,946 [Worker-19] WARN  o.e.m.c.i.embedder.EclipseLogger - Using platform encoding (Cp1252 actually) to copy filtered resources, i.e. build is platform dependent!
2017-04-02 13:47:10,953 [Worker-19] INFO  o.e.m.c.i.embedder.EclipseLogger - Copying 0 resource
2017-04-02 13:47:10,954 [Worker-19] WARN  o.e.m.c.i.embedder.EclipseLogger - Using platform encoding (Cp1252 actually) to copy filtered resources, i.e. build is platform dependent!
2017-04-02 13:47:10,962 [Worker-19] INFO  o.e.m.c.i.embedder.EclipseLogger - Copying 0 resource
2017-04-02 13:48:40,443 [Worker-24] WARN  o.e.m.c.i.embedder.EclipseLogger - Using platform encoding (Cp1252 actually) to copy filtered resources, i.e. build is platform dependent!
2017-04-02 13:48:40,452 [Worker-24] INFO  o.e.m.c.i.embedder.EclipseLogger - Copying 0 resource
2017-04-02 13:48:40,457 [Worker-24] WARN  o.e.m.c.i.embedder.EclipseLogger - Using platform encoding (Cp1252 actually) to copy filtered resources, i.e. build is platform dependent!
2017-04-02 13:48:40,463 [Worker-24] INFO  o.e.m.c.i.embedder.EclipseLogger - Copying 0 resource
2017-04-02 13:50:06,085 [Worker-30] WARN  o.e.m.c.i.embedder.EclipseLogger - Using platform encoding (Cp1252 actually) to copy filtered resources, i.e. build is platform dependent!
2017-04-02 13:50:06,090 [Worker-30] INFO  o.e.m.c.i.embedder.EclipseLogger - Copying 0 resource
2017-04-02 13:50:06,091 [Worker-30] WARN  o.e.m.c.i.embedder.EclipseLogger - Using platform encoding (Cp1252 actually) to copy filtered resources, i.e. build is platform dependent!
2017-04-02 13:50:06,097 [Worker-30] INFO  o.e.m.c.i.embedder.EclipseLogger - Copying 0 resource
2017-04-02 13:51:06,949 [Worker-35] WARN  o.e.m.c.i.embedder.EclipseLogger - Using platform encoding (Cp1252 actually) to copy filtered resources, i.e. build is platform dependent!
2017-04-02 13:51:06,955 [Worker-35] INFO  o.e.m.c.i.embedder.EclipseLogger - Copying 0 resource
2017-04-02 13:51:06,960 [Worker-35] WARN  o.e.m.c.i.embedder.EclipseLogger - Using platform encoding (Cp1252 actually) to copy filtered resources, i.e. build is platform dependent!
2017-04-02 13:51:06,965 [Worker-35] INFO  o.e.m.c.i.embedder.EclipseLogger - Copying 0 resource
2017-04-02 14:00:43,612 [Worker-34] WARN  o.e.m.c.i.embedder.EclipseLogger - Using platform encoding (Cp1252 actually) to copy filtered resources, i.e. build is platform dependent!
2017-04-02 14:00:43,622 [Worker-34] INFO  o.e.m.c.i.embedder.EclipseLogger - Copying 0 resource
2017-04-02 14:00:43,623 [Worker-34] WARN  o.e.m.c.i.embedder.EclipseLogger - Using platform encoding (Cp1252 actually) to copy filtered resources, i.e. build is platform dependent!
2017-04-02 14:00:43,629 [Worker-34] INFO  o.e.m.c.i.embedder.EclipseLogger - Copying 0 resource
2017-04-02 14:21:45,761 [Worker-28] WARN  o.e.m.c.i.embedder.EclipseLogger - Using platform encoding (Cp1252 actually) to copy filtered resources, i.e. build is platform dependent!
2017-04-02 14:21:45,767 [Worker-28] INFO  o.e.m.c.i.embedder.EclipseLogger - Copying 0 resource
2017-04-02 14:21:45,773 [Worker-28] WARN  o.e.m.c.i.embedder.EclipseLogger - Using platform encoding (Cp1252 actually) to copy filtered resources, i.e. build is platform dependent!
2017-04-02 14:21:45,778 [Worker-28] INFO  o.e.m.c.i.embedder.EclipseLogger - Copying 0 resource
2017-04-02 17:23:40,102 [Worker-60] WARN  o.e.m.c.i.embedder.EclipseLogger - Using platform encoding (Cp1252 actually) to copy filtered resources, i.e. build is platform dependent!
2017-04-02 17:23:40,121 [Worker-60] INFO  o.e.m.c.i.embedder.EclipseLogger - Copying 0 resource
2017-04-02 17:23:40,122 [Worker-60] WARN  o.e.m.c.i.embedder.EclipseLogger - Using platform encoding (Cp1252 actually) to copy filtered resources, i.e. build is platform dependent!
2017-04-02 17:23:40,133 [Worker-60] INFO  o.e.m.c.i.embedder.EclipseLogger - Copying 0 resource
2017-04-02 17:23:52,185 [Worker-64] WARN  o.e.m.c.i.embedder.EclipseLogger - Using platform encoding (Cp1252 actually) to copy filtered resources, i.e. build is platform dependent!
2017-04-02 17:23:52,194 [Worker-64] INFO  o.e.m.c.i.embedder.EclipseLogger - Copying 0 resource
2017-04-02 17:23:52,200 [Worker-64] WARN  o.e.m.c.i.embedder.EclipseLogger - Using platform encoding (Cp1252 actually) to copy filtered resources, i.e. build is platform dependent!
2017-04-02 17:23:52,206 [Worker-64] INFO  o.e.m.c.i.embedder.EclipseLogger - Copying 0 resource
2017-04-02 17:25:33,843 [Worker-63] WARN  o.e.m.c.i.embedder.EclipseLogger - Using platform encoding (Cp1252 actually) to copy filtered resources, i.e. build is platform dependent!
2017-04-02 17:25:33,849 [Worker-63] INFO  o.e.m.c.i.embedder.EclipseLogger - Copying 0 resource
2017-04-02 17:25:33,850 [Worker-63] WARN  o.e.m.c.i.embedder.EclipseLogger - Using platform encoding (Cp1252 actually) to copy filtered resources, i.e. build is platform dependent!
2017-04-02 17:25:33,855 [Worker-63] INFO  o.e.m.c.i.embedder.EclipseLogger - Copying 0 resource
2017-04-02 17:26:02,811 [Worker-67] WARN  o.e.m.c.i.embedder.EclipseLogger - Using platform encoding (Cp1252 actually) to copy filtered resources, i.e. build is platform dependent!
2017-04-02 17:26:02,816 [Worker-67] INFO  o.e.m.c.i.embedder.EclipseLogger - Copying 0 resource
2017-04-02 17:26:02,820 [Worker-67] WARN  o.e.m.c.i.embedder.EclipseLogger - Using platform encoding (Cp1252 actually) to copy filtered resources, i.e. build is platform dependent!
2017-04-02 17:26:02,825 [Worker-67] INFO  o.e.m.c.i.embedder.EclipseLogger - Copying 0 resource
2017-04-02 17:27:37,405 [Worker-65] WARN  o.e.m.c.i.embedder.EclipseLogger - Using platform encoding (Cp1252 actually) to copy filtered resources, i.e. build is platform dependent!
2017-04-02 17:27:37,410 [Worker-65] INFO  o.e.m.c.i.embedder.EclipseLogger - Copying 0 resource
2017-04-02 17:27:37,411 [Worker-65] WARN  o.e.m.c.i.embedder.EclipseLogger - Using platform encoding (Cp1252 actually) to copy filtered resources, i.e. build is platform dependent!
2017-04-02 17:27:37,417 [Worker-65] INFO  o.e.m.c.i.embedder.EclipseLogger - Copying 0 resource
2017-04-02 17:30:46,959 [Worker-63] WARN  o.e.m.c.i.embedder.EclipseLogger - Using platform encoding (Cp1252 actually) to copy filtered resources, i.e. build is platform dependent!
2017-04-02 17:30:46,964 [Worker-63] INFO  o.e.m.c.i.embedder.EclipseLogger - Copying 0 resource
2017-04-02 17:30:46,968 [Worker-63] WARN  o.e.m.c.i.embedder.EclipseLogger - Using platform encoding (Cp1252 actually) to copy filtered resources, i.e. build is platform dependent!
2017-04-02 17:30:46,973 [Worker-63] INFO  o.e.m.c.i.embedder.EclipseLogger - Copying 0 resource
2017-04-02 17:37:25,571 [Worker-64] WARN  o.e.m.c.i.embedder.EclipseLogger - Using platform encoding (Cp1252 actually) to copy filtered resources, i.e. build is platform dependent!
2017-04-02 17:37:25,577 [Worker-64] INFO  o.e.m.c.i.embedder.EclipseLogger - Copying 0 resource
2017-04-02 17:37:25,578 [Worker-64] WARN  o.e.m.c.i.embedder.EclipseLogger - Using platform encoding (Cp1252 actually) to copy filtered resources, i.e. build is platform dependent!
2017-04-02 17:37:25,585 [Worker-64] INFO  o.e.m.c.i.embedder.EclipseLogger - Copying 0 resource
2017-04-02 17:37:55,206 [Worker-68] WARN  o.e.m.c.i.embedder.EclipseLogger - Using platform encoding (Cp1252 actually) to copy filtered resources, i.e. build is platform dependent!
2017-04-02 17:37:55,213 [Worker-68] INFO  o.e.m.c.i.embedder.EclipseLogger - Copying 0 resource
2017-04-02 17:37:55,219 [Worker-68] WARN  o.e.m.c.i.embedder.EclipseLogger - Using platform encoding (Cp1252 actually) to copy filtered resources, i.e. build is platform dependent!
2017-04-02 17:37:55,224 [Worker-68] INFO  o.e.m.c.i.embedder.EclipseLogger - Copying 0 resource
2017-04-02 17:39:58,127 [Worker-71] WARN  o.e.m.c.i.embedder.EclipseLogger - Using platform encoding (Cp1252 actually) to copy filtered resources, i.e. build is platform dependent!
2017-04-02 17:39:58,134 [Worker-71] INFO  o.e.m.c.i.embedder.EclipseLogger - Copying 0 resource
2017-04-02 17:39:58,135 [Worker-71] WARN  o.e.m.c.i.embedder.EclipseLogger - Using platform encoding (Cp1252 actually) to copy filtered resources, i.e. build is platform dependent!
2017-04-02 17:39:58,140 [Worker-71] INFO  o.e.m.c.i.embedder.EclipseLogger - Copying 0 resource
2017-04-02 18:43:05,288 [Worker-81] WARN  o.e.m.c.i.embedder.EclipseLogger - Using platform encoding (Cp1252 actually) to copy filtered resources, i.e. build is platform dependent!
2017-04-02 18:43:05,294 [Worker-81] INFO  o.e.m.c.i.embedder.EclipseLogger - Copying 0 resource
2017-04-02 18:43:05,298 [Worker-81] WARN  o.e.m.c.i.embedder.EclipseLogger - Using platform encoding (Cp1252 actually) to copy filtered resources, i.e. build is platform dependent!
2017-04-02 18:43:05,303 [Worker-81] INFO  o.e.m.c.i.embedder.EclipseLogger - Copying 0 resource
2017-04-02 18:49:58,337 [Worker-79] WARN  o.e.m.c.i.embedder.EclipseLogger - Using platform encoding (Cp1252 actually) to copy filtered resources, i.e. build is platform dependent!
2017-04-02 18:49:58,343 [Worker-79] INFO  o.e.m.c.i.embedder.EclipseLogger - Copying 0 resource
2017-04-02 18:49:58,344 [Worker-79] WARN  o.e.m.c.i.embedder.EclipseLogger - Using platform encoding (Cp1252 actually) to copy filtered resources, i.e. build is platform dependent!
2017-04-02 18:49:58,348 [Worker-79] INFO  o.e.m.c.i.embedder.EclipseLogger - Copying 0 resource
2017-04-02 22:47:43,307 [Worker-108] WARN  o.e.m.c.i.embedder.EclipseLogger - Using platform encoding (Cp1252 actually) to copy filtered resources, i.e. build is platform dependent!
2017-04-02 22:47:43,313 [Worker-108] INFO  o.e.m.c.i.embedder.EclipseLogger - Copying 0 resource
2017-04-02 22:47:43,319 [Worker-108] WARN  o.e.m.c.i.embedder.EclipseLogger - Using platform encoding (Cp1252 actually) to copy filtered resources, i.e. build is platform dependent!
2017-04-02 22:47:43,325 [Worker-108] INFO  o.e.m.c.i.embedder.EclipseLogger - Copying 0 resource
2017-04-02 22:48:18,667 [Worker-100] WARN  o.e.m.c.i.embedder.EclipseLogger - Using platform encoding (Cp1252 actually) to copy filtered resources, i.e. build is platform dependent!
2017-04-02 22:48:18,672 [Worker-100] INFO  o.e.m.c.i.embedder.EclipseLogger - Copying 0 resource
2017-04-02 22:48:18,673 [Worker-100] WARN  o.e.m.c.i.embedder.EclipseLogger - Using platform encoding (Cp1252 actually) to copy filtered resources, i.e. build is platform dependent!
2017-04-02 22:48:18,678 [Worker-100] INFO  o.e.m.c.i.embedder.EclipseLogger - Copying 0 resource
2017-04-02 22:48:51,248 [Worker-100] WARN  o.e.m.c.i.embedder.EclipseLogger - Using platform encoding (Cp1252 actually) to copy filtered resources, i.e. build is platform dependent!
2017-04-02 22:48:51,260 [Worker-100] INFO  o.e.m.c.i.embedder.EclipseLogger - Copying 0 resource
2017-04-02 22:48:51,267 [Worker-100] WARN  o.e.m.c.i.embedder.EclipseLogger - Using platform encoding (Cp1252 actually) to copy filtered resources, i.e. build is platform dependent!
2017-04-02 22:48:51,273 [Worker-100] INFO  o.e.m.c.i.embedder.EclipseLogger - Copying 0 resource
2017-04-02 22:49:52,288 [Worker-96] WARN  o.e.m.c.i.embedder.EclipseLogger - Using platform encoding (Cp1252 actually) to copy filtered resources, i.e. build is platform dependent!
2017-04-02 22:49:52,295 [Worker-96] INFO  o.e.m.c.i.embedder.EclipseLogger - Copying 0 resource
2017-04-02 22:49:52,295 [Worker-96] WARN  o.e.m.c.i.embedder.EclipseLogger - Using platform encoding (Cp1252 actually) to copy filtered resources, i.e. build is platform dependent!
2017-04-02 22:49:52,301 [Worker-96] INFO  o.e.m.c.i.embedder.EclipseLogger - Copying 0 resource
2017-04-03 08:41:01,817 [Worker-201] WARN  o.e.m.c.i.embedder.EclipseLogger - Using platform encoding (Cp1252 actually) to copy filtered resources, i.e. build is platform dependent!
2017-04-03 08:41:01,858 [Worker-201] INFO  o.e.m.c.i.embedder.EclipseLogger - Copying 0 resource
2017-04-03 08:41:01,862 [Worker-201] WARN  o.e.m.c.i.embedder.EclipseLogger - Using platform encoding (Cp1252 actually) to copy filtered resources, i.e. build is platform dependent!
2017-04-03 08:41:01,867 [Worker-201] INFO  o.e.m.c.i.embedder.EclipseLogger - Copying 0 resource
2017-04-03 08:45:33,653 [Worker-196] WARN  o.e.m.c.i.embedder.EclipseLogger - Using platform encoding (Cp1252 actually) to copy filtered resources, i.e. build is platform dependent!
2017-04-03 08:45:33,658 [Worker-196] INFO  o.e.m.c.i.embedder.EclipseLogger - Copying 0 resource
2017-04-03 08:45:33,659 [Worker-196] WARN  o.e.m.c.i.embedder.EclipseLogger - Using platform encoding (Cp1252 actually) to copy filtered resources, i.e. build is platform dependent!
2017-04-03 08:45:33,664 [Worker-196] INFO  o.e.m.c.i.embedder.EclipseLogger - Copying 0 resource
2017-04-03 08:47:07,857 [Worker-206] WARN  o.e.m.c.i.embedder.EclipseLogger - Using platform encoding (Cp1252 actually) to copy filtered resources, i.e. build is platform dependent!
2017-04-03 08:47:07,866 [Worker-206] INFO  o.e.m.c.i.embedder.EclipseLogger - Copying 0 resource
2017-04-03 08:47:07,871 [Worker-206] WARN  o.e.m.c.i.embedder.EclipseLogger - Using platform encoding (Cp1252 actually) to copy filtered resources, i.e. build is platform dependent!
2017-04-03 08:47:07,875 [Worker-206] INFO  o.e.m.c.i.embedder.EclipseLogger - Copying 0 resource
2017-04-03 08:48:09,922 [Worker-191] WARN  o.e.m.c.i.embedder.EclipseLogger - Using platform encoding (Cp1252 actually) to copy filtered resources, i.e. build is platform dependent!
2017-04-03 08:48:09,928 [Worker-191] INFO  o.e.m.c.i.embedder.EclipseLogger - Copying 0 resource
2017-04-03 08:48:09,929 [Worker-191] WARN  o.e.m.c.i.embedder.EclipseLogger - Using platform encoding (Cp1252 actually) to copy filtered resources, i.e. build is platform dependent!
2017-04-03 08:48:09,934 [Worker-191] INFO  o.e.m.c.i.embedder.EclipseLogger - Copying 0 resource
2017-04-03 08:56:45,186 [Worker-191] WARN  o.e.m.c.i.embedder.EclipseLogger - Using platform encoding (Cp1252 actually) to copy filtered resources, i.e. build is platform dependent!
2017-04-03 08:56:45,194 [Worker-191] INFO  o.e.m.c.i.embedder.EclipseLogger - Copying 0 resource
2017-04-03 08:56:45,200 [Worker-191] WARN  o.e.m.c.i.embedder.EclipseLogger - Using platform encoding (Cp1252 actually) to copy filtered resources, i.e. build is platform dependent!
2017-04-03 08:56:45,207 [Worker-191] INFO  o.e.m.c.i.embedder.EclipseLogger - Copying 0 resource
2017-04-03 08:57:33,925 [Worker-208] WARN  o.e.m.c.i.embedder.EclipseLogger - Using platform encoding (Cp1252 actually) to copy filtered resources, i.e. build is platform dependent!
2017-04-03 08:57:33,930 [Worker-208] INFO  o.e.m.c.i.embedder.EclipseLogger - Copying 0 resource
2017-04-03 08:57:33,932 [Worker-208] WARN  o.e.m.c.i.embedder.EclipseLogger - Using platform encoding (Cp1252 actually) to copy filtered resources, i.e. build is platform dependent!
2017-04-03 08:57:33,938 [Worker-208] INFO  o.e.m.c.i.embedder.EclipseLogger - Copying 0 resource
2017-04-03 08:57:59,359 [Worker-208] WARN  o.e.m.c.i.embedder.EclipseLogger - Using platform encoding (Cp1252 actually) to copy filtered resources, i.e. build is platform dependent!
2017-04-03 08:57:59,366 [Worker-208] INFO  o.e.m.c.i.embedder.EclipseLogger - Copying 0 resource
2017-04-03 08:57:59,371 [Worker-208] WARN  o.e.m.c.i.embedder.EclipseLogger - Using platform encoding (Cp1252 actually) to copy filtered resources, i.e. build is platform dependent!
2017-04-03 08:57:59,377 [Worker-208] INFO  o.e.m.c.i.embedder.EclipseLogger - Copying 0 resource
2017-04-03 08:59:12,736 [Worker-208] WARN  o.e.m.c.i.embedder.EclipseLogger - Using platform encoding (Cp1252 actually) to copy filtered resources, i.e. build is platform dependent!
2017-04-03 08:59:12,742 [Worker-208] INFO  o.e.m.c.i.embedder.EclipseLogger - Copying 0 resource
2017-04-03 08:59:12,744 [Worker-208] WARN  o.e.m.c.i.embedder.EclipseLogger - Using platform encoding (Cp1252 actually) to copy filtered resources, i.e. build is platform dependent!
2017-04-03 08:59:12,751 [Worker-208] INFO  o.e.m.c.i.embedder.EclipseLogger - Copying 0 resource
2017-04-03 09:00:48,035 [Worker-205] WARN  o.e.m.c.i.embedder.EclipseLogger - Using platform encoding (Cp1252 actually) to copy filtered resources, i.e. build is platform dependent!
2017-04-03 09:00:48,041 [Worker-205] INFO  o.e.m.c.i.embedder.EclipseLogger - Copying 0 resource
2017-04-03 09:00:48,046 [Worker-205] WARN  o.e.m.c.i.embedder.EclipseLogger - Using platform encoding (Cp1252 actually) to copy filtered resources, i.e. build is platform dependent!
2017-04-03 09:00:48,050 [Worker-205] INFO  o.e.m.c.i.embedder.EclipseLogger - Copying 0 resource
2017-04-03 09:01:51,183 [Worker-212] WARN  o.e.m.c.i.embedder.EclipseLogger - Using platform encoding (Cp1252 actually) to copy filtered resources, i.e. build is platform dependent!
2017-04-03 09:01:51,188 [Worker-212] INFO  o.e.m.c.i.embedder.EclipseLogger - Copying 0 resource
2017-04-03 09:01:51,189 [Worker-212] WARN  o.e.m.c.i.embedder.EclipseLogger - Using platform encoding (Cp1252 actually) to copy filtered resources, i.e. build is platform dependent!
2017-04-03 09:01:51,194 [Worker-212] INFO  o.e.m.c.i.embedder.EclipseLogger - Copying 0 resource
2017-04-03 09:02:36,083 [Worker-208] WARN  o.e.m.c.i.embedder.EclipseLogger - Using platform encoding (Cp1252 actually) to copy filtered resources, i.e. build is platform dependent!
2017-04-03 09:02:36,092 [Worker-208] INFO  o.e.m.c.i.embedder.EclipseLogger - Copying 0 resource
2017-04-03 09:02:36,097 [Worker-208] WARN  o.e.m.c.i.embedder.EclipseLogger - Using platform encoding (Cp1252 actually) to copy filtered resources, i.e. build is platform dependent!
2017-04-03 09:02:36,102 [Worker-208] INFO  o.e.m.c.i.embedder.EclipseLogger - Copying 0 resource
2017-04-03 09:07:04,988 [Worker-209] WARN  o.e.m.c.i.embedder.EclipseLogger - Using platform encoding (Cp1252 actually) to copy filtered resources, i.e. build is platform dependent!
2017-04-03 09:07:04,993 [Worker-209] INFO  o.e.m.c.i.embedder.EclipseLogger - Copying 0 resource
2017-04-03 09:07:04,994 [Worker-209] WARN  o.e.m.c.i.embedder.EclipseLogger - Using platform encoding (Cp1252 actually) to copy filtered resources, i.e. build is platform dependent!
2017-04-03 09:07:04,999 [Worker-209] INFO  o.e.m.c.i.embedder.EclipseLogger - Copying 0 resource
2017-04-03 09:13:43,460 [Worker-201] WARN  o.e.m.c.i.embedder.EclipseLogger - Using platform encoding (Cp1252 actually) to copy filtered resources, i.e. build is platform dependent!
2017-04-03 09:13:43,469 [Worker-201] INFO  o.e.m.c.i.embedder.EclipseLogger - Copying 0 resource
2017-04-03 09:13:43,474 [Worker-201] WARN  o.e.m.c.i.embedder.EclipseLogger - Using platform encoding (Cp1252 actually) to copy filtered resources, i.e. build is platform dependent!
2017-04-03 09:13:43,479 [Worker-201] INFO  o.e.m.c.i.embedder.EclipseLogger - Copying 0 resource
2017-04-03 09:16:06,295 [Worker-213] WARN  o.e.m.c.i.embedder.EclipseLogger - Using platform encoding (Cp1252 actually) to copy filtered resources, i.e. build is platform dependent!
2017-04-03 09:16:06,301 [Worker-213] INFO  o.e.m.c.i.embedder.EclipseLogger - Copying 0 resource
2017-04-03 09:16:06,302 [Worker-213] WARN  o.e.m.c.i.embedder.EclipseLogger - Using platform encoding (Cp1252 actually) to copy filtered resources, i.e. build is platform dependent!
2017-04-03 09:16:06,308 [Worker-213] INFO  o.e.m.c.i.embedder.EclipseLogger - Copying 0 resource
2017-04-03 09:17:12,593 [Worker-205] WARN  o.e.m.c.i.embedder.EclipseLogger - Using platform encoding (Cp1252 actually) to copy filtered resources, i.e. build is platform dependent!
2017-04-03 09:17:12,598 [Worker-205] INFO  o.e.m.c.i.embedder.EclipseLogger - Copying 0 resource
2017-04-03 09:17:12,604 [Worker-205] WARN  o.e.m.c.i.embedder.EclipseLogger - Using platform encoding (Cp1252 actually) to copy filtered resources, i.e. build is platform dependent!
2017-04-03 09:17:12,609 [Worker-205] INFO  o.e.m.c.i.embedder.EclipseLogger - Copying 0 resource
2017-04-03 09:20:49,035 [Worker-209] WARN  o.e.m.c.i.embedder.EclipseLogger - Using platform encoding (Cp1252 actually) to copy filtered resources, i.e. build is platform dependent!
2017-04-03 09:20:49,043 [Worker-209] INFO  o.e.m.c.i.embedder.EclipseLogger - Copying 0 resource
2017-04-03 09:20:49,045 [Worker-209] WARN  o.e.m.c.i.embedder.EclipseLogger - Using platform encoding (Cp1252 actually) to copy filtered resources, i.e. build is platform dependent!
2017-04-03 09:20:49,051 [Worker-209] INFO  o.e.m.c.i.embedder.EclipseLogger - Copying 0 resource
2017-04-03 09:23:35,737 [Worker-215] WARN  o.e.m.c.i.embedder.EclipseLogger - Using platform encoding (Cp1252 actually) to copy filtered resources, i.e. build is platform dependent!
2017-04-03 09:23:35,743 [Worker-215] INFO  o.e.m.c.i.embedder.EclipseLogger - Copying 0 resource
2017-04-03 09:23:35,748 [Worker-215] WARN  o.e.m.c.i.embedder.EclipseLogger - Using platform encoding (Cp1252 actually) to copy filtered resources, i.e. build is platform dependent!
2017-04-03 09:23:35,754 [Worker-215] INFO  o.e.m.c.i.embedder.EclipseLogger - Copying 0 resource
2017-04-03 09:28:26,292 [Worker-201] WARN  o.e.m.c.i.embedder.EclipseLogger - Using platform encoding (Cp1252 actually) to copy filtered resources, i.e. build is platform dependent!
2017-04-03 09:28:26,390 [Worker-201] INFO  o.e.m.c.i.embedder.EclipseLogger - Copying 0 resource
2017-04-03 09:28:26,391 [Worker-201] WARN  o.e.m.c.i.embedder.EclipseLogger - Using platform encoding (Cp1252 actually) to copy filtered resources, i.e. build is platform dependent!
2017-04-03 09:28:26,398 [Worker-201] INFO  o.e.m.c.i.embedder.EclipseLogger - Copying 0 resource
2017-04-03 09:31:20,780 [Worker-202] WARN  o.e.m.c.i.embedder.EclipseLogger - Using platform encoding (Cp1252 actually) to copy filtered resources, i.e. build is platform dependent!
2017-04-03 09:31:20,786 [Worker-202] INFO  o.e.m.c.i.embedder.EclipseLogger - Copying 0 resource
2017-04-03 09:31:20,793 [Worker-202] WARN  o.e.m.c.i.embedder.EclipseLogger - Using platform encoding (Cp1252 actually) to copy filtered resources, i.e. build is platform dependent!
2017-04-03 09:31:20,799 [Worker-202] INFO  o.e.m.c.i.embedder.EclipseLogger - Copying 0 resource
2017-04-03 09:32:01,973 [Worker-217] WARN  o.e.m.c.i.embedder.EclipseLogger - Using platform encoding (Cp1252 actually) to copy filtered resources, i.e. build is platform dependent!
2017-04-03 09:32:01,979 [Worker-217] INFO  o.e.m.c.i.embedder.EclipseLogger - Copying 0 resource
2017-04-03 09:32:01,980 [Worker-217] WARN  o.e.m.c.i.embedder.EclipseLogger - Using platform encoding (Cp1252 actually) to copy filtered resources, i.e. build is platform dependent!
2017-04-03 09:32:01,986 [Worker-217] INFO  o.e.m.c.i.embedder.EclipseLogger - Copying 0 resource
2017-04-03 09:43:34,629 [Worker-217] WARN  o.e.m.c.i.embedder.EclipseLogger - Using platform encoding (Cp1252 actually) to copy filtered resources, i.e. build is platform dependent!
2017-04-03 09:43:34,635 [Worker-217] INFO  o.e.m.c.i.embedder.EclipseLogger - Copying 0 resource
2017-04-03 09:43:34,641 [Worker-217] WARN  o.e.m.c.i.embedder.EclipseLogger - Using platform encoding (Cp1252 actually) to copy filtered resources, i.e. build is platform dependent!
2017-04-03 09:43:34,647 [Worker-217] INFO  o.e.m.c.i.embedder.EclipseLogger - Copying 0 resource
2017-04-03 14:32:18,799 [Worker-10] WARN  o.e.m.c.i.embedder.EclipseLogger - Using platform encoding (Cp1252 actually) to copy filtered resources, i.e. build is platform dependent!
2017-04-03 14:32:18,812 [Worker-10] INFO  o.e.m.c.i.embedder.EclipseLogger - Copying 0 resource
2017-04-03 14:32:18,814 [Worker-10] WARN  o.e.m.c.i.embedder.EclipseLogger - Using platform encoding (Cp1252 actually) to copy filtered resources, i.e. build is platform dependent!
2017-04-03 14:32:18,820 [Worker-10] INFO  o.e.m.c.i.embedder.EclipseLogger - Copying 0 resource
2017-04-03 14:33:33,779 [main] INFO  c.g.t.t.d.PublishedGradleVersions - Gradle version information cache file is out-of-date. Remote download required.
2017-04-03 14:33:35,877 [Worker-8] WARN  o.e.m.c.i.embedder.EclipseLogger - Using platform encoding (Cp1252 actually) to copy filtered resources, i.e. build is platform dependent!
2017-04-03 14:33:35,891 [Worker-8] INFO  o.e.m.c.i.embedder.EclipseLogger - Copying 0 resource
2017-04-03 14:33:35,892 [Worker-8] WARN  o.e.m.c.i.embedder.EclipseLogger - Using platform encoding (Cp1252 actually) to copy filtered resources, i.e. build is platform dependent!
2017-04-03 14:33:35,899 [Worker-8] INFO  o.e.m.c.i.embedder.EclipseLogger - Copying 0 resource
2017-04-03 14:35:37,076 [Worker-2] WARN  o.e.m.c.i.embedder.EclipseLogger - Using platform encoding (Cp1252 actually) to copy filtered resources, i.e. build is platform dependent!
2017-04-03 14:35:37,083 [Worker-2] INFO  o.e.m.c.i.embedder.EclipseLogger - Copying 0 resource
2017-04-03 14:35:37,085 [Worker-2] WARN  o.e.m.c.i.embedder.EclipseLogger - Using platform encoding (Cp1252 actually) to copy filtered resources, i.e. build is platform dependent!
2017-04-03 14:35:37,091 [Worker-2] INFO  o.e.m.c.i.embedder.EclipseLogger - Copying 0 resource
2017-04-04 13:17:07,766 [Worker-437] WARN  o.e.m.c.i.embedder.EclipseLogger - Using platform encoding (Cp1252 actually) to copy filtered resources, i.e. build is platform dependent!
2017-04-04 13:17:07,805 [Worker-437] INFO  o.e.m.c.i.embedder.EclipseLogger - Copying 0 resource
2017-04-04 13:17:07,807 [Worker-437] WARN  o.e.m.c.i.embedder.EclipseLogger - Using platform encoding (Cp1252 actually) to copy filtered resources, i.e. build is platform dependent!
2017-04-04 13:17:07,820 [Worker-437] INFO  o.e.m.c.i.embedder.EclipseLogger - Copying 0 resource
2017-04-04 13:34:12,983 [Worker-442] WARN  o.e.m.c.i.embedder.EclipseLogger - Using platform encoding (Cp1252 actually) to copy filtered resources, i.e. build is platform dependent!
2017-04-04 13:34:12,991 [Worker-442] INFO  o.e.m.c.i.embedder.EclipseLogger - Copying 0 resource
2017-04-04 13:34:12,992 [Worker-442] WARN  o.e.m.c.i.embedder.EclipseLogger - Using platform encoding (Cp1252 actually) to copy filtered resources, i.e. build is platform dependent!
2017-04-04 13:34:13,001 [Worker-442] INFO  o.e.m.c.i.embedder.EclipseLogger - Copying 0 resource
2017-04-06 20:50:40,913 [Worker-1152] WARN  o.e.m.c.i.embedder.EclipseLogger - Using platform encoding (Cp1252 actually) to copy filtered resources, i.e. build is platform dependent!
2017-04-06 20:50:40,933 [Worker-1152] INFO  o.e.m.c.i.embedder.EclipseLogger - Copying 0 resource
2017-04-06 20:50:40,948 [Worker-1152] WARN  o.e.m.c.i.embedder.EclipseLogger - Using platform encoding (Cp1252 actually) to copy filtered resources, i.e. build is platform dependent!
2017-04-06 20:50:40,957 [Worker-1152] INFO  o.e.m.c.i.embedder.EclipseLogger - Copying 0 resource
2017-04-06 20:57:30,778 [Worker-1159] WARN  o.e.m.c.i.embedder.EclipseLogger - Using platform encoding (Cp1252 actually) to copy filtered resources, i.e. build is platform dependent!
2017-04-06 20:57:30,784 [Worker-1159] INFO  o.e.m.c.i.embedder.EclipseLogger - Copying 0 resource
2017-04-06 20:57:30,785 [Worker-1159] WARN  o.e.m.c.i.embedder.EclipseLogger - Using platform encoding (Cp1252 actually) to copy filtered resources, i.e. build is platform dependent!
2017-04-06 20:57:30,795 [Worker-1159] INFO  o.e.m.c.i.embedder.EclipseLogger - Copying 0 resource
2017-04-06 20:57:47,513 [Worker-1152] WARN  o.e.m.c.i.embedder.EclipseLogger - Using platform encoding (Cp1252 actually) to copy filtered resources, i.e. build is platform dependent!
2017-04-06 20:57:47,519 [Worker-1152] INFO  o.e.m.c.i.embedder.EclipseLogger - Copying 0 resource
2017-04-06 20:57:47,526 [Worker-1152] WARN  o.e.m.c.i.embedder.EclipseLogger - Using platform encoding (Cp1252 actually) to copy filtered resources, i.e. build is platform dependent!
2017-04-06 20:57:47,535 [Worker-1152] INFO  o.e.m.c.i.embedder.EclipseLogger - Copying 0 resource
2017-04-06 20:58:05,939 [Worker-1157] WARN  o.e.m.c.i.embedder.EclipseLogger - Using platform encoding (Cp1252 actually) to copy filtered resources, i.e. build is platform dependent!
2017-04-06 20:58:05,945 [Worker-1157] INFO  o.e.m.c.i.embedder.EclipseLogger - Copying 0 resource
2017-04-06 20:58:05,946 [Worker-1157] WARN  o.e.m.c.i.embedder.EclipseLogger - Using platform encoding (Cp1252 actually) to copy filtered resources, i.e. build is platform dependent!
2017-04-06 20:58:05,955 [Worker-1157] INFO  o.e.m.c.i.embedder.EclipseLogger - Copying 0 resource
2017-04-06 21:04:49,954 [Worker-1154] WARN  o.e.m.c.i.embedder.EclipseLogger - Using platform encoding (Cp1252 actually) to copy filtered resources, i.e. build is platform dependent!
2017-04-06 21:04:49,964 [Worker-1154] INFO  o.e.m.c.i.embedder.EclipseLogger - Copying 0 resource
2017-04-06 21:04:49,969 [Worker-1154] WARN  o.e.m.c.i.embedder.EclipseLogger - Using platform encoding (Cp1252 actually) to copy filtered resources, i.e. build is platform dependent!
2017-04-06 21:04:49,978 [Worker-1154] INFO  o.e.m.c.i.embedder.EclipseLogger - Copying 0 resource
2017-04-07 09:23:09,489 [Worker-1327] WARN  o.e.m.c.i.embedder.EclipseLogger - Using platform encoding (Cp1252 actually) to copy filtered resources, i.e. build is platform dependent!
2017-04-07 09:23:09,515 [Worker-1327] INFO  o.e.m.c.i.embedder.EclipseLogger - Copying 0 resource
2017-04-07 09:23:09,516 [Worker-1327] WARN  o.e.m.c.i.embedder.EclipseLogger - Using platform encoding (Cp1252 actually) to copy filtered resources, i.e. build is platform dependent!
2017-04-07 09:23:09,534 [Worker-1327] INFO  o.e.m.c.i.embedder.EclipseLogger - Copying 0 resource
2017-04-07 09:23:35,076 [Worker-1326] WARN  o.e.m.c.i.embedder.EclipseLogger - Using platform encoding (Cp1252 actually) to copy filtered resources, i.e. build is platform dependent!
2017-04-07 09:23:35,086 [Worker-1326] INFO  o.e.m.c.i.embedder.EclipseLogger - Copying 0 resource
2017-04-07 09:23:35,092 [Worker-1326] WARN  o.e.m.c.i.embedder.EclipseLogger - Using platform encoding (Cp1252 actually) to copy filtered resources, i.e. build is platform dependent!
2017-04-07 09:23:35,101 [Worker-1326] INFO  o.e.m.c.i.embedder.EclipseLogger - Copying 0 resource
2017-04-07 09:24:50,685 [Worker-1317] WARN  o.e.m.c.i.embedder.EclipseLogger - Using platform encoding (Cp1252 actually) to copy filtered resources, i.e. build is platform dependent!
2017-04-07 09:24:50,693 [Worker-1317] INFO  o.e.m.c.i.embedder.EclipseLogger - Copying 0 resource
2017-04-07 09:24:50,694 [Worker-1317] WARN  o.e.m.c.i.embedder.EclipseLogger - Using platform encoding (Cp1252 actually) to copy filtered resources, i.e. build is platform dependent!
2017-04-07 09:24:50,708 [Worker-1317] INFO  o.e.m.c.i.embedder.EclipseLogger - Copying 0 resource
2017-04-07 09:51:28,254 [Worker-1335] WARN  o.e.m.c.i.embedder.EclipseLogger - Using platform encoding (Cp1252 actually) to copy filtered resources, i.e. build is platform dependent!
2017-04-07 09:51:28,261 [Worker-1335] INFO  o.e.m.c.i.embedder.EclipseLogger - Copying 0 resource
2017-04-07 09:51:28,266 [Worker-1335] WARN  o.e.m.c.i.embedder.EclipseLogger - Using platform encoding (Cp1252 actually) to copy filtered resources, i.e. build is platform dependent!
2017-04-07 09:51:28,276 [Worker-1335] INFO  o.e.m.c.i.embedder.EclipseLogger - Copying 0 resource
2017-04-07 18:38:46,032 [Worker-1391] WARN  o.e.m.c.i.embedder.EclipseLogger - Using platform encoding (Cp1252 actually) to copy filtered resources, i.e. build is platform dependent!
2017-04-07 18:38:46,038 [Worker-1391] INFO  o.e.m.c.i.embedder.EclipseLogger - Copying 0 resource
2017-04-07 18:38:46,040 [Worker-1391] WARN  o.e.m.c.i.embedder.EclipseLogger - Using platform encoding (Cp1252 actually) to copy filtered resources, i.e. build is platform dependent!
2017-04-07 18:38:46,049 [Worker-1391] INFO  o.e.m.c.i.embedder.EclipseLogger - Copying 0 resource
2017-04-07 18:39:29,248 [Worker-1401] WARN  o.e.m.c.i.embedder.EclipseLogger - Using platform encoding (Cp1252 actually) to copy filtered resources, i.e. build is platform dependent!
2017-04-07 18:39:29,257 [Worker-1401] INFO  o.e.m.c.i.embedder.EclipseLogger - Copying 0 resource
2017-04-07 18:39:29,263 [Worker-1401] WARN  o.e.m.c.i.embedder.EclipseLogger - Using platform encoding (Cp1252 actually) to copy filtered resources, i.e. build is platform dependent!
2017-04-07 18:39:29,271 [Worker-1401] INFO  o.e.m.c.i.embedder.EclipseLogger - Copying 0 resource
2017-04-07 18:39:39,591 [Worker-1406] WARN  o.e.m.c.i.embedder.EclipseLogger - Using platform encoding (Cp1252 actually) to copy filtered resources, i.e. build is platform dependent!
2017-04-07 18:39:39,604 [Worker-1406] INFO  o.e.m.c.i.embedder.EclipseLogger - Copying 0 resource
2017-04-07 18:39:39,606 [Worker-1406] WARN  o.e.m.c.i.embedder.EclipseLogger - Using platform encoding (Cp1252 actually) to copy filtered resources, i.e. build is platform dependent!
2017-04-07 18:39:39,626 [Worker-1406] INFO  o.e.m.c.i.embedder.EclipseLogger - Copying 0 resource
2017-04-07 18:39:44,070 [Worker-1408] WARN  o.e.m.c.i.embedder.EclipseLogger - Using platform encoding (Cp1252 actually) to copy filtered resources, i.e. build is platform dependent!
2017-04-07 18:39:44,081 [Worker-1408] INFO  o.e.m.c.i.embedder.EclipseLogger - Copying 0 resource
2017-04-07 18:39:44,086 [Worker-1408] WARN  o.e.m.c.i.embedder.EclipseLogger - Using platform encoding (Cp1252 actually) to copy filtered resources, i.e. build is platform dependent!
2017-04-07 18:39:44,096 [Worker-1408] INFO  o.e.m.c.i.embedder.EclipseLogger - Copying 0 resource
2017-04-07 18:39:58,583 [Worker-1400] WARN  o.e.m.c.i.embedder.EclipseLogger - Using platform encoding (Cp1252 actually) to copy filtered resources, i.e. build is platform dependent!
2017-04-07 18:39:58,588 [Worker-1400] INFO  o.e.m.c.i.embedder.EclipseLogger - Copying 0 resource
2017-04-07 18:39:58,589 [Worker-1400] WARN  o.e.m.c.i.embedder.EclipseLogger - Using platform encoding (Cp1252 actually) to copy filtered resources, i.e. build is platform dependent!
2017-04-07 18:39:58,597 [Worker-1400] INFO  o.e.m.c.i.embedder.EclipseLogger - Copying 0 resource
2017-04-07 18:40:22,146 [Worker-1391] WARN  o.e.m.c.i.embedder.EclipseLogger - Using platform encoding (Cp1252 actually) to copy filtered resources, i.e. build is platform dependent!
2017-04-07 18:40:22,159 [Worker-1391] INFO  o.e.m.c.i.embedder.EclipseLogger - Copying 0 resource
2017-04-07 18:40:22,168 [Worker-1391] WARN  o.e.m.c.i.embedder.EclipseLogger - Using platform encoding (Cp1252 actually) to copy filtered resources, i.e. build is platform dependent!
2017-04-07 18:40:22,179 [Worker-1391] INFO  o.e.m.c.i.embedder.EclipseLogger - Copying 0 resource
2017-04-07 18:40:27,831 [Worker-1406] WARN  o.e.m.c.i.embedder.EclipseLogger - Using platform encoding (Cp1252 actually) to copy filtered resources, i.e. build is platform dependent!
2017-04-07 18:40:27,837 [Worker-1406] INFO  o.e.m.c.i.embedder.EclipseLogger - Copying 0 resource
2017-04-07 18:40:27,838 [Worker-1406] WARN  o.e.m.c.i.embedder.EclipseLogger - Using platform encoding (Cp1252 actually) to copy filtered resources, i.e. build is platform dependent!
2017-04-07 18:40:27,849 [Worker-1406] INFO  o.e.m.c.i.embedder.EclipseLogger - Copying 0 resource
2017-04-07 18:42:29,631 [Worker-1405] WARN  o.e.m.c.i.embedder.EclipseLogger - Using platform encoding (Cp1252 actually) to copy filtered resources, i.e. build is platform dependent!
2017-04-07 18:42:29,648 [Worker-1405] INFO  o.e.m.c.i.embedder.EclipseLogger - Copying 0 resource
2017-04-07 18:42:29,655 [Worker-1405] WARN  o.e.m.c.i.embedder.EclipseLogger - Using platform encoding (Cp1252 actually) to copy filtered resources, i.e. build is platform dependent!
2017-04-07 18:42:29,671 [Worker-1405] INFO  o.e.m.c.i.embedder.EclipseLogger - Copying 0 resource
2017-04-07 23:53:27,306 [Worker-1431] WARN  o.e.m.c.i.embedder.EclipseLogger - Using platform encoding (Cp1252 actually) to copy filtered resources, i.e. build is platform dependent!
2017-04-07 23:53:27,393 [Worker-1431] INFO  o.e.m.c.i.embedder.EclipseLogger - Copying 0 resource
2017-04-07 23:53:27,395 [Worker-1431] WARN  o.e.m.c.i.embedder.EclipseLogger - Using platform encoding (Cp1252 actually) to copy filtered resources, i.e. build is platform dependent!
2017-04-07 23:53:27,415 [Worker-1431] INFO  o.e.m.c.i.embedder.EclipseLogger - Copying 0 resource
2017-04-08 00:11:53,870 [Worker-1451] WARN  o.e.m.c.i.embedder.EclipseLogger - Using platform encoding (Cp1252 actually) to copy filtered resources, i.e. build is platform dependent!
2017-04-08 00:11:53,882 [Worker-1451] INFO  o.e.m.c.i.embedder.EclipseLogger - Copying 0 resource
2017-04-08 00:11:53,888 [Worker-1451] WARN  o.e.m.c.i.embedder.EclipseLogger - Using platform encoding (Cp1252 actually) to copy filtered resources, i.e. build is platform dependent!
2017-04-08 00:11:53,903 [Worker-1451] INFO  o.e.m.c.i.embedder.EclipseLogger - Copying 0 resource
2017-04-08 23:25:43,668 [Worker-1617] WARN  o.e.m.c.i.embedder.EclipseLogger - Using platform encoding (Cp1252 actually) to copy filtered resources, i.e. build is platform dependent!
2017-04-08 23:25:43,694 [Worker-1617] INFO  o.e.m.c.i.embedder.EclipseLogger - Copying 0 resource
2017-04-08 23:25:43,695 [Worker-1617] WARN  o.e.m.c.i.embedder.EclipseLogger - Using platform encoding (Cp1252 actually) to copy filtered resources, i.e. build is platform dependent!
2017-04-08 23:25:43,710 [Worker-1617] INFO  o.e.m.c.i.embedder.EclipseLogger - Copying 0 resource
2017-04-08 23:29:39,335 [Worker-1624] WARN  o.e.m.c.i.embedder.EclipseLogger - Using platform encoding (Cp1252 actually) to copy filtered resources, i.e. build is platform dependent!
2017-04-08 23:29:39,347 [Worker-1624] INFO  o.e.m.c.i.embedder.EclipseLogger - Copying 0 resource
2017-04-08 23:29:39,353 [Worker-1624] WARN  o.e.m.c.i.embedder.EclipseLogger - Using platform encoding (Cp1252 actually) to copy filtered resources, i.e. build is platform dependent!
2017-04-08 23:29:39,364 [Worker-1624] INFO  o.e.m.c.i.embedder.EclipseLogger - Copying 0 resource
2017-04-08 23:30:12,748 [Worker-1602] WARN  o.e.m.c.i.embedder.EclipseLogger - Using platform encoding (Cp1252 actually) to copy filtered resources, i.e. build is platform dependent!
2017-04-08 23:30:12,754 [Worker-1602] INFO  o.e.m.c.i.embedder.EclipseLogger - Copying 0 resource
2017-04-08 23:30:12,756 [Worker-1602] WARN  o.e.m.c.i.embedder.EclipseLogger - Using platform encoding (Cp1252 actually) to copy filtered resources, i.e. build is platform dependent!
2017-04-08 23:30:12,764 [Worker-1602] INFO  o.e.m.c.i.embedder.EclipseLogger - Copying 0 resource
2017-04-08 23:30:20,161 [Worker-1630] WARN  o.e.m.c.i.embedder.EclipseLogger - Using platform encoding (Cp1252 actually) to copy filtered resources, i.e. build is platform dependent!
2017-04-08 23:30:20,166 [Worker-1630] INFO  o.e.m.c.i.embedder.EclipseLogger - Copying 0 resource
2017-04-08 23:30:20,172 [Worker-1630] WARN  o.e.m.c.i.embedder.EclipseLogger - Using platform encoding (Cp1252 actually) to copy filtered resources, i.e. build is platform dependent!
2017-04-08 23:30:20,181 [Worker-1630] INFO  o.e.m.c.i.embedder.EclipseLogger - Copying 0 resource
2017-04-08 23:30:22,889 [Worker-1630] WARN  o.e.m.c.i.embedder.EclipseLogger - Using platform encoding (Cp1252 actually) to copy filtered resources, i.e. build is platform dependent!
2017-04-08 23:30:22,896 [Worker-1630] INFO  o.e.m.c.i.embedder.EclipseLogger - Copying 0 resource
2017-04-08 23:30:22,896 [Worker-1630] WARN  o.e.m.c.i.embedder.EclipseLogger - Using platform encoding (Cp1252 actually) to copy filtered resources, i.e. build is platform dependent!
2017-04-08 23:30:22,906 [Worker-1630] INFO  o.e.m.c.i.embedder.EclipseLogger - Copying 0 resource
2017-04-08 23:30:25,938 [Worker-1629] WARN  o.e.m.c.i.embedder.EclipseLogger - Using platform encoding (Cp1252 actually) to copy filtered resources, i.e. build is platform dependent!
2017-04-08 23:30:25,946 [Worker-1629] INFO  o.e.m.c.i.embedder.EclipseLogger - Copying 0 resource
2017-04-08 23:30:25,952 [Worker-1629] WARN  o.e.m.c.i.embedder.EclipseLogger - Using platform encoding (Cp1252 actually) to copy filtered resources, i.e. build is platform dependent!
2017-04-08 23:30:25,962 [Worker-1629] INFO  o.e.m.c.i.embedder.EclipseLogger - Copying 0 resource
2017-04-08 23:30:50,494 [Worker-1602] WARN  o.e.m.c.i.embedder.EclipseLogger - Using platform encoding (Cp1252 actually) to copy filtered resources, i.e. build is platform dependent!
2017-04-08 23:30:50,501 [Worker-1602] INFO  o.e.m.c.i.embedder.EclipseLogger - Copying 0 resource
2017-04-08 23:30:50,502 [Worker-1602] WARN  o.e.m.c.i.embedder.EclipseLogger - Using platform encoding (Cp1252 actually) to copy filtered resources, i.e. build is platform dependent!
2017-04-08 23:30:50,515 [Worker-1602] INFO  o.e.m.c.i.embedder.EclipseLogger - Copying 0 resource
2017-04-08 23:32:17,264 [Worker-1626] WARN  o.e.m.c.i.embedder.EclipseLogger - Using platform encoding (Cp1252 actually) to copy filtered resources, i.e. build is platform dependent!
2017-04-08 23:32:17,272 [Worker-1626] INFO  o.e.m.c.i.embedder.EclipseLogger - Copying 0 resource
2017-04-08 23:32:17,279 [Worker-1626] WARN  o.e.m.c.i.embedder.EclipseLogger - Using platform encoding (Cp1252 actually) to copy filtered resources, i.e. build is platform dependent!
2017-04-08 23:32:17,290 [Worker-1626] INFO  o.e.m.c.i.embedder.EclipseLogger - Copying 0 resource
2017-04-08 23:32:53,898 [Worker-1626] WARN  o.e.m.c.i.embedder.EclipseLogger - Using platform encoding (Cp1252 actually) to copy filtered resources, i.e. build is platform dependent!
2017-04-08 23:32:53,905 [Worker-1626] INFO  o.e.m.c.i.embedder.EclipseLogger - Copying 0 resource
2017-04-08 23:32:53,906 [Worker-1626] WARN  o.e.m.c.i.embedder.EclipseLogger - Using platform encoding (Cp1252 actually) to copy filtered resources, i.e. build is platform dependent!
2017-04-08 23:32:53,915 [Worker-1626] INFO  o.e.m.c.i.embedder.EclipseLogger - Copying 0 resource
2017-04-08 23:33:24,996 [Worker-1629] WARN  o.e.m.c.i.embedder.EclipseLogger - Using platform encoding (Cp1252 actually) to copy filtered resources, i.e. build is platform dependent!
2017-04-08 23:33:25,004 [Worker-1629] INFO  o.e.m.c.i.embedder.EclipseLogger - Copying 0 resource
2017-04-08 23:33:25,010 [Worker-1629] WARN  o.e.m.c.i.embedder.EclipseLogger - Using platform encoding (Cp1252 actually) to copy filtered resources, i.e. build is platform dependent!
2017-04-08 23:33:25,023 [Worker-1629] INFO  o.e.m.c.i.embedder.EclipseLogger - Copying 0 resource
2017-04-08 23:46:47,947 [Worker-1626] WARN  o.e.m.c.i.embedder.EclipseLogger - Using platform encoding (Cp1252 actually) to copy filtered resources, i.e. build is platform dependent!
2017-04-08 23:46:47,953 [Worker-1626] INFO  o.e.m.c.i.embedder.EclipseLogger - Copying 0 resource
2017-04-08 23:46:47,954 [Worker-1626] WARN  o.e.m.c.i.embedder.EclipseLogger - Using platform encoding (Cp1252 actually) to copy filtered resources, i.e. build is platform dependent!
2017-04-08 23:46:47,965 [Worker-1626] INFO  o.e.m.c.i.embedder.EclipseLogger - Copying 0 resource
2017-04-08 23:50:48,765 [Worker-1602] WARN  o.e.m.c.i.embedder.EclipseLogger - Using platform encoding (Cp1252 actually) to copy filtered resources, i.e. build is platform dependent!
2017-04-08 23:50:48,771 [Worker-1602] INFO  o.e.m.c.i.embedder.EclipseLogger - Copying 0 resource
2017-04-08 23:50:48,776 [Worker-1602] WARN  o.e.m.c.i.embedder.EclipseLogger - Using platform encoding (Cp1252 actually) to copy filtered resources, i.e. build is platform dependent!
2017-04-08 23:50:48,786 [Worker-1602] INFO  o.e.m.c.i.embedder.EclipseLogger - Copying 0 resource
2017-04-08 23:53:21,223 [Worker-1628] WARN  o.e.m.c.i.embedder.EclipseLogger - Using platform encoding (Cp1252 actually) to copy filtered resources, i.e. build is platform dependent!
2017-04-08 23:53:21,228 [Worker-1628] INFO  o.e.m.c.i.embedder.EclipseLogger - Copying 0 resource
2017-04-08 23:53:21,229 [Worker-1628] WARN  o.e.m.c.i.embedder.EclipseLogger - Using platform encoding (Cp1252 actually) to copy filtered resources, i.e. build is platform dependent!
2017-04-08 23:53:21,237 [Worker-1628] INFO  o.e.m.c.i.embedder.EclipseLogger - Copying 0 resource
2017-04-08 23:53:37,381 [Worker-1627] WARN  o.e.m.c.i.embedder.EclipseLogger - Using platform encoding (Cp1252 actually) to copy filtered resources, i.e. build is platform dependent!
2017-04-08 23:53:37,387 [Worker-1627] INFO  o.e.m.c.i.embedder.EclipseLogger - Copying 0 resource
2017-04-08 23:53:37,392 [Worker-1627] WARN  o.e.m.c.i.embedder.EclipseLogger - Using platform encoding (Cp1252 actually) to copy filtered resources, i.e. build is platform dependent!
2017-04-08 23:53:37,399 [Worker-1627] INFO  o.e.m.c.i.embedder.EclipseLogger - Copying 0 resource
2017-04-09 00:12:46,405 [Worker-1632] WARN  o.e.m.c.i.embedder.EclipseLogger - Using platform encoding (Cp1252 actually) to copy filtered resources, i.e. build is platform dependent!
2017-04-09 00:12:46,410 [Worker-1632] INFO  o.e.m.c.i.embedder.EclipseLogger - Copying 0 resource
2017-04-09 00:12:46,411 [Worker-1632] WARN  o.e.m.c.i.embedder.EclipseLogger - Using platform encoding (Cp1252 actually) to copy filtered resources, i.e. build is platform dependent!
2017-04-09 00:12:46,421 [Worker-1632] INFO  o.e.m.c.i.embedder.EclipseLogger - Copying 0 resource
2017-04-11 22:43:12,391 [Worker-3] WARN  o.e.m.c.i.embedder.EclipseLogger - Using platform encoding (Cp1252 actually) to copy filtered resources, i.e. build is platform dependent!
2017-04-11 22:43:12,420 [Worker-3] INFO  o.e.m.c.i.embedder.EclipseLogger - Copying 0 resource
2017-04-11 22:43:12,422 [Worker-3] WARN  o.e.m.c.i.embedder.EclipseLogger - Using platform encoding (Cp1252 actually) to copy filtered resources, i.e. build is platform dependent!
2017-04-11 22:43:12,429 [Worker-3] INFO  o.e.m.c.i.embedder.EclipseLogger - Copying 0 resource
2017-04-12 17:23:40,067 [Worker-351] WARN  o.e.m.c.i.embedder.EclipseLogger - Using platform encoding (Cp1252 actually) to copy filtered resources, i.e. build is platform dependent!
2017-04-12 17:23:40,605 [Worker-351] INFO  o.e.m.c.i.embedder.EclipseLogger - Copying 0 resource
2017-04-12 17:23:40,621 [Worker-351] WARN  o.e.m.c.i.embedder.EclipseLogger - Using platform encoding (Cp1252 actually) to copy filtered resources, i.e. build is platform dependent!
2017-04-12 17:23:40,621 [Worker-351] INFO  o.e.m.c.i.embedder.EclipseLogger - Copying 0 resource
2017-04-12 17:28:11,389 [Worker-359] WARN  o.e.m.c.i.embedder.EclipseLogger - Using platform encoding (Cp1252 actually) to copy filtered resources, i.e. build is platform dependent!
2017-04-12 17:28:11,396 [Worker-359] INFO  o.e.m.c.i.embedder.EclipseLogger - Copying 0 resource
2017-04-12 17:28:11,397 [Worker-359] WARN  o.e.m.c.i.embedder.EclipseLogger - Using platform encoding (Cp1252 actually) to copy filtered resources, i.e. build is platform dependent!
2017-04-12 17:28:11,403 [Worker-359] INFO  o.e.m.c.i.embedder.EclipseLogger - Copying 0 resource
2017-04-22 22:11:04,277 [Worker-322] WARN  o.e.m.c.i.embedder.EclipseLogger - Using platform encoding (Cp1252 actually) to copy filtered resources, i.e. build is platform dependent!
2017-04-22 22:11:04,370 [Worker-322] INFO  o.e.m.c.i.embedder.EclipseLogger - Copying 0 resource
2017-04-22 22:11:04,372 [Worker-322] WARN  o.e.m.c.i.embedder.EclipseLogger - Using platform encoding (Cp1252 actually) to copy filtered resources, i.e. build is platform dependent!
2017-04-22 22:11:04,377 [Worker-322] INFO  o.e.m.c.i.embedder.EclipseLogger - Copying 0 resource
2017-04-22 22:11:08,549 [Worker-332] WARN  o.e.m.c.i.embedder.EclipseLogger - Using platform encoding (Cp1252 actually) to copy filtered resources, i.e. build is platform dependent!
2017-04-22 22:11:08,567 [Worker-332] INFO  o.e.m.c.i.embedder.EclipseLogger - Copying 0 resource
2017-04-22 22:11:08,568 [Worker-332] WARN  o.e.m.c.i.embedder.EclipseLogger - Using platform encoding (Cp1252 actually) to copy filtered resources, i.e. build is platform dependent!
2017-04-22 22:11:08,577 [Worker-332] INFO  o.e.m.c.i.embedder.EclipseLogger - Copying 0 resource
2017-04-22 22:11:12,494 [Worker-331] WARN  o.e.m.c.i.embedder.EclipseLogger - Using platform encoding (Cp1252 actually) to copy filtered resources, i.e. build is platform dependent!
2017-04-22 22:11:12,500 [Worker-331] INFO  o.e.m.c.i.embedder.EclipseLogger - Copying 0 resource
2017-04-22 22:11:12,502 [Worker-331] WARN  o.e.m.c.i.embedder.EclipseLogger - Using platform encoding (Cp1252 actually) to copy filtered resources, i.e. build is platform dependent!
2017-04-22 22:11:12,508 [Worker-331] INFO  o.e.m.c.i.embedder.EclipseLogger - Copying 0 resource
2017-04-22 22:11:16,449 [Worker-326] WARN  o.e.m.c.i.embedder.EclipseLogger - Using platform encoding (Cp1252 actually) to copy filtered resources, i.e. build is platform dependent!
2017-04-22 22:11:16,458 [Worker-326] INFO  o.e.m.c.i.embedder.EclipseLogger - Copying 0 resource
2017-04-22 22:11:16,459 [Worker-326] WARN  o.e.m.c.i.embedder.EclipseLogger - Using platform encoding (Cp1252 actually) to copy filtered resources, i.e. build is platform dependent!
2017-04-22 22:11:16,467 [Worker-326] INFO  o.e.m.c.i.embedder.EclipseLogger - Copying 0 resource
2017-04-22 22:11:21,280 [Worker-331] WARN  o.e.m.c.i.embedder.EclipseLogger - Using platform encoding (Cp1252 actually) to copy filtered resources, i.e. build is platform dependent!
2017-04-22 22:11:21,287 [Worker-331] INFO  o.e.m.c.i.embedder.EclipseLogger - Copying 0 resource
2017-04-22 22:11:21,289 [Worker-331] WARN  o.e.m.c.i.embedder.EclipseLogger - Using platform encoding (Cp1252 actually) to copy filtered resources, i.e. build is platform dependent!
2017-04-22 22:11:21,295 [Worker-331] INFO  o.e.m.c.i.embedder.EclipseLogger - Copying 0 resource
2017-05-03 09:10:26,277 [Worker-5697] INFO  c.g.t.t.d.PublishedGradleVersions - Gradle version information cache file is out-of-date. Remote download required.
